{"/home/edual/proyectos/cursos/react/v2/02-first-steps/helpers/main.helper.ts": {"path":"/home/edual/proyectos/cursos/react/v2/02-first-steps/helpers/main.helper.ts","statementMap":{"0":{"start":{"line":1,"column":19},"end":{"line":4,"column":null}},"1":{"start":{"line":3,"column":2},"end":{"line":3,"column":null}},"2":{"start":{"line":6,"column":24},"end":{"line":8,"column":null}},"3":{"start":{"line":7,"column":2},"end":{"line":7,"column":null}},"4":{"start":{"line":10,"column":24},"end":{"line":12,"column":null}},"5":{"start":{"line":11,"column":2},"end":{"line":11,"column":null}},"6":{"start":{"line":14,"column":22},"end":{"line":16,"column":null}},"7":{"start":{"line":15,"column":2},"end":{"line":15,"column":null}}},"fnMap":{"0":{"name":"(anonymous_0)","decl":{"start":{"line":1,"column":19},"end":{"line":1,"column":20}},"loc":{"start":{"line":1,"column":31},"end":{"line":4,"column":null}},"line":1},"1":{"name":"(anonymous_1)","decl":{"start":{"line":6,"column":24},"end":{"line":6,"column":25}},"loc":{"start":{"line":6,"column":36},"end":{"line":8,"column":null}},"line":6},"2":{"name":"(anonymous_2)","decl":{"start":{"line":10,"column":24},"end":{"line":10,"column":25}},"loc":{"start":{"line":10,"column":36},"end":{"line":12,"column":null}},"line":10},"3":{"name":"(anonymous_3)","decl":{"start":{"line":14,"column":22},"end":{"line":14,"column":23}},"loc":{"start":{"line":14,"column":34},"end":{"line":16,"column":null}},"line":14}},"branchMap":{},"s":{"0":1,"1":2,"2":1,"3":2,"4":1,"5":2,"6":1,"7":1},"f":{"0":2,"1":2,"2":2,"3":1},"b":{},"meta":{"lastBranch":0,"lastFunction":4,"lastStatement":8,"seen":{"s:1:19:4:Infinity":0,"f:1:19:1:20":0,"s:3:2:3:Infinity":1,"s:6:24:8:Infinity":2,"f:6:24:6:25":1,"s:7:2:7:Infinity":3,"s:10:24:12:Infinity":4,"f:10:24:10:25":2,"s:11:2:11:Infinity":5,"s:14:22:16:Infinity":6,"f:14:22:14:23":3,"s:15:2:15:Infinity":7},"fnNames":{}}}
,"/home/edual/proyectos/cursos/react/v2/02-first-steps/src/FirstStepsApp.tsx": {"path":"/home/edual/proyectos/cursos/react/v2/02-first-steps/src/FirstStepsApp.tsx","statementMap":{"0":{"start":{"line":8,"column":34},"end":{"line":12,"column":null}},"1":{"start":{"line":14,"column":2},"end":{"line":18,"column":null}},"2":{"start":{"line":17,"column":49},"end":{"line":18,"column":null}}},"fnMap":{"0":{"name":"FirstStepsApp","decl":{"start":{"line":13,"column":16},"end":{"line":13,"column":null}},"loc":{"start":{"line":13,"column":16},"end":{"line":27,"column":null}},"line":13},"1":{"name":"(anonymous_1)","decl":{"start":{"line":17,"column":23},"end":{"line":17,"column":24}},"loc":{"start":{"line":17,"column":49},"end":{"line":18,"column":null}},"line":17}},"branchMap":{},"s":{"0":1,"1":3,"2":9},"f":{"0":3,"1":9},"b":{},"meta":{"lastBranch":0,"lastFunction":2,"lastStatement":3,"seen":{"s:8:34:12:Infinity":0,"f:13:16:13:Infinity":0,"s:14:2:18:Infinity":1,"f:17:23:17:24":1,"s:17:49:18:Infinity":2},"fnNames":{}}}
,"/home/edual/proyectos/cursos/react/v2/02-first-steps/src/MyAwesomeApp.tsx": {"path":"/home/edual/proyectos/cursos/react/v2/02-first-steps/src/MyAwesomeApp.tsx","statementMap":{"0":{"start":{"line":3,"column":18},"end":{"line":3,"column":null}},"1":{"start":{"line":4,"column":17},"end":{"line":4,"column":null}},"2":{"start":{"line":6,"column":22},"end":{"line":6,"column":null}},"3":{"start":{"line":7,"column":17},"end":{"line":7,"column":null}},"4":{"start":{"line":9,"column":16},"end":{"line":12,"column":null}},"5":{"start":{"line":13,"column":32},"end":{"line":18,"column":null}},"6":{"start":{"line":20,"column":2},"end":{"line":29,"column":null}}},"fnMap":{"0":{"name":"MyAwesomeApp","decl":{"start":{"line":19,"column":16},"end":{"line":19,"column":null}},"loc":{"start":{"line":19,"column":16},"end":{"line":32,"column":null}},"line":19}},"branchMap":{"0":{"loc":{"start":{"line":27,"column":12},"end":{"line":27,"column":null}},"type":"cond-expr","locations":[{"start":{"line":27,"column":23},"end":{"line":27,"column":34}},{"start":{"line":27,"column":34},"end":{"line":27,"column":null}}],"line":27}},"s":{"0":1,"1":1,"2":1,"3":1,"4":1,"5":1,"6":4},"f":{"0":4},"b":{"0":[4,0]},"meta":{"lastBranch":1,"lastFunction":1,"lastStatement":7,"seen":{"s:3:18:3:Infinity":0,"s:4:17:4:Infinity":1,"s:6:22:6:Infinity":2,"s:7:17:7:Infinity":3,"s:9:16:12:Infinity":4,"s:13:32:18:Infinity":5,"f:19:16:19:Infinity":0,"s:20:2:29:Infinity":6,"b:27:23:27:34:27:34:27:Infinity":0},"fnNames":{}}}
,"/home/edual/proyectos/cursos/react/v2/02-first-steps/src/shopping-cart/ItemCounter.module.css": {"path":"/home/edual/proyectos/cursos/react/v2/02-first-steps/src/shopping-cart/ItemCounter.module.css","statementMap":{},"fnMap":{},"branchMap":{},"s":{},"f":{},"b":{},"meta":{"lastBranch":0,"lastFunction":0,"lastStatement":0,"seen":{},"fnNames":{}}}
,"/home/edual/proyectos/cursos/react/v2/02-first-steps/src/shopping-cart/ItemCounter.tsx": {"path":"/home/edual/proyectos/cursos/react/v2/02-first-steps/src/shopping-cart/ItemCounter.tsx","statementMap":{"0":{"start":{"line":20,"column":27},"end":{"line":40,"column":null}},"1":{"start":{"line":21,"column":25},"end":{"line":21,"column":null}},"2":{"start":{"line":23,"column":20},"end":{"line":26,"column":null}},"3":{"start":{"line":24,"column":4},"end":{"line":24,"column":null}},"4":{"start":{"line":25,"column":4},"end":{"line":25,"column":null}},"5":{"start":{"line":28,"column":25},"end":{"line":31,"column":null}},"6":{"start":{"line":29,"column":4},"end":{"line":29,"column":null}},"7":{"start":{"line":29,"column":20},"end":{"line":29,"column":null}},"8":{"start":{"line":30,"column":4},"end":{"line":30,"column":null}},"9":{"start":{"line":32,"column":2},"end":{"line":37,"column":null}}},"fnMap":{"0":{"name":"(anonymous_0)","decl":{"start":{"line":20,"column":27},"end":{"line":20,"column":28}},"loc":{"start":{"line":20,"column":57},"end":{"line":40,"column":null}},"line":20},"1":{"name":"(anonymous_1)","decl":{"start":{"line":23,"column":20},"end":{"line":23,"column":null}},"loc":{"start":{"line":23,"column":20},"end":{"line":26,"column":null}},"line":23},"2":{"name":"(anonymous_2)","decl":{"start":{"line":28,"column":25},"end":{"line":28,"column":null}},"loc":{"start":{"line":28,"column":25},"end":{"line":31,"column":null}},"line":28}},"branchMap":{"0":{"loc":{"start":{"line":20,"column":36},"end":{"line":20,"column":48}},"type":"default-arg","locations":[{"start":{"line":20,"column":47},"end":{"line":20,"column":48}}],"line":20},"1":{"loc":{"start":{"line":29,"column":4},"end":{"line":29,"column":null}},"type":"if","locations":[{"start":{"line":29,"column":4},"end":{"line":29,"column":null}},{"start":{},"end":{}}],"line":29},"2":{"loc":{"start":{"line":34,"column":56},"end":{"line":34,"column":86}},"type":"cond-expr","locations":[{"start":{"line":34,"column":70},"end":{"line":34,"column":78}},{"start":{"line":34,"column":78},"end":{"line":34,"column":86}}],"line":34}},"s":{"0":1,"1":9,"2":9,"3":1,"4":1,"5":9,"6":2,"7":1,"8":1,"9":9},"f":{"0":9,"1":1,"2":2},"b":{"0":[9],"1":[1,1],"2":[3,6]},"meta":{"lastBranch":3,"lastFunction":3,"lastStatement":10,"seen":{"s:20:27:40:Infinity":0,"f:20:27:20:28":0,"b:20:47:20:48":0,"s:21:25:21:Infinity":1,"s:23:20:26:Infinity":2,"f:23:20:23:Infinity":1,"s:24:4:24:Infinity":3,"s:25:4:25:Infinity":4,"s:28:25:31:Infinity":5,"f:28:25:28:Infinity":2,"b:29:4:29:Infinity:undefined:undefined:undefined:undefined":1,"s:29:4:29:Infinity":6,"s:29:20:29:Infinity":7,"s:30:4:30:Infinity":8,"s:32:2:37:Infinity":9,"b:34:70:34:78:34:78:34:86":2},"fnNames":{}}}
}
